<?xml version="1.0" encoding="UTF-8"?>
<!-- Generated by org.testng.reporters.JUnitReportReporter -->
<testsuite hostname="ELH035" name="com.gates.billing.BL_Payables" tests="1" failures="0" timestamp="13 Jun 2017 10:46:25 GMT" time="1551.329" errors="0">
  <testcase name="BLPayables" time="1551.329" classname="com.gates.billing.BL_Payables"/>
</testsuite> <!-- com.gates.billing.BL_Payables -->
