<?xml version="1.0" encoding="UTF-8"?>
<!-- Generated by org.testng.reporters.JUnitReportReporter -->
<testsuite hostname="ELH035" name="com.gates.smoketest.gatesTest" tests="1" failures="0" timestamp="7 Sep 2016 10:02:31 GMT" time="400.849" errors="0">
  <testcase name="booking" time="400.849" classname="com.gates.smoketest.gatesTest"/>
</testsuite> <!-- com.gates.smoketest.gatesTest -->
