<?xml version="1.0" encoding="UTF-8"?>
<!-- Generated by org.testng.reporters.JUnitReportReporter -->
<testsuite hostname="ELH035" name="com.gates.billing.SendBill_Document" tests="1" failures="0" timestamp="5 Jun 2017 05:02:09 GMT" time="1254.235" errors="0">
  <testcase name="Sendbilldoc" time="1254.235" classname="com.gates.billing.SendBill_Document"/>
</testsuite> <!-- com.gates.billing.SendBill_Document -->
