<?xml version="1.0" encoding="UTF-8"?>
<!-- Generated by org.testng.reporters.JUnitReportReporter -->
<testsuite hostname="ELH035" name="com.gates.billing.BillOfLadingSetup" tests="1" failures="0" timestamp="24 Mar 2017 10:44:49 GMT" time="2762.327" errors="0">
  <testcase name="BillofladingSetup" time="2762.327" classname="com.gates.billing.BillOfLadingSetup"/>
</testsuite> <!-- com.gates.billing.BillOfLadingSetup -->
