<?xml version="1.0" encoding="UTF-8"?>
<!-- Generated by org.testng.reporters.JUnitReportReporter -->
<testsuite hostname="ELH035" name="com.gates.smoketest.gatesBillingTest" tests="1" failures="0" timestamp="16 Sep 2016 10:57:07 GMT" time="1238.128" errors="0">
  <testcase name="smokeTestContinued" time="1238.128" classname="com.gates.smoketest.gatesBillingTest"/>
</testsuite> <!-- com.gates.smoketest.gatesBillingTest -->
