<?xml version="1.0" encoding="UTF-8"?>
<!-- Generated by org.testng.reporters.JUnitReportReporter -->
<testsuite hostname="ELH035" name="com.gates.billing.BillOfLadingSetup" tests="1" failures="0" timestamp="8 Sep 2017 06:53:47 GMT" time="363.192" errors="0">
  <testcase name="BillofladingSetup" time="363.192" classname="com.gates.billing.BillOfLadingSetup"/>
</testsuite> <!-- com.gates.billing.BillOfLadingSetup -->
