<?xml version="1.0" encoding="UTF-8"?>
<!-- Generated by org.testng.reporters.JUnitReportReporter -->
<testsuite hostname="ELH035" name="com.gates.billing.BL_Charges" tests="1" failures="0" timestamp="15 Nov 2017 09:34:04 GMT" time="3136.334" errors="0">
  <testcase name="BLCharges" time="3136.334" classname="com.gates.billing.BL_Charges"/>
</testsuite> <!-- com.gates.billing.BL_Charges -->
