<?xml version="1.0" encoding="UTF-8"?>
<!-- Generated by org.testng.reporters.JUnitReportReporter -->
<testsuite hostname="ELH035" name="com.gates.billing.BookingBillingWorkFlow" tests="1" failures="0" timestamp="8 Sep 2017 06:46:00 GMT" time="406.395" errors="0">
  <testcase name="ContainerLinkage" time="406.395" classname="com.gates.billing.BookingBillingWorkFlow"/>
</testsuite> <!-- com.gates.billing.BookingBillingWorkFlow -->
